<?xml version="1.0" encoding="UTF-8"?>
<TestRun id="dc7c4dd2-48ee-46d7-a2d7-02f6125f91a5" name="Антошка@АНТОШКА-ПК 2011-03-29 21:24:48" runUser="Антошка-ПК\Антошка" xmlns="http://microsoft.com/schemas/VisualStudio/TeamTest/2010">
  <TestSettings name="Параметры тестирования по умолчанию" id="5d624cbf-6c64-4f1a-8e77-1bd918c0a973">
    <Deployment runDeploymentRoot="Антошка_АНТОШКА-ПК 2011-03-29 21_24_48">
      <DeploymentItem filename="C:\Users\Антошка\Documents\Visual Studio 2010\Projects\libiamisc\trunk\MDA\bin\Debug\MDA.exe" />
    </Deployment>
    <Execution>
      <TestTypeSpecific />
      <AgentRule name="Execution Agents">
      </AgentRule>
    </Execution>
  </TestSettings>
  <Times creation="2011-03-29T21:24:48.7258581+07:00" queuing="2011-03-29T21:24:49.7409161+07:00" start="2011-03-29T21:24:49.8569228+07:00" finish="2011-03-29T21:24:51.0349902+07:00" />
  <ResultSummary outcome="Completed">
    <Counters total="3" executed="3" passed="3" error="0" failed="0" timeout="0" aborted="0" inconclusive="0" passedButRunAborted="0" notRunnable="0" notExecuted="0" disconnected="0" warning="0" completed="0" inProgress="0" pending="0" />
  </ResultSummary>
  <TestDefinitions>
    <UnitTest name="TestXMLReader1" storage="c:\users\антошка\documents\visual studio 2010\projects\libiamisc\trunk\mdatest\bin\debug\mdatest.dll" id="14d94656-d132-3c5d-2b32-ea017b71346a">
      <Execution id="5b78214b-168d-4092-8b0d-e0ba1636db05" />
      <TestMethod codeBase="C:/Users/Антошка/Documents/Visual Studio 2010/Projects/libiamisc/trunk/MDATest/bin/Debug/MDATest.DLL" adapterTypeName="Microsoft.VisualStudio.TestTools.TestTypes.Unit.UnitTestAdapter, Microsoft.VisualStudio.QualityTools.Tips.UnitTest.Adapter, Version=10.0.0.0, Culture=neutral, PublicKeyToken=b03f5f7f11d50a3a" className="TestMDA.OIP.TestXmlReader, MDATest, Version=1.0.0.0, Culture=neutral, PublicKeyToken=null" name="TestXMLReader1" />
    </UnitTest>
    <UnitTest name="Test2" storage="c:\users\антошка\documents\visual studio 2010\projects\libiamisc\trunk\mdatest\bin\debug\mdatest.dll" id="3b9482db-3132-8634-61b9-2d3b895a88d0">
      <Execution id="d109fca9-279e-4da9-9cfb-22aa4b9b0fe9" />
      <TestMethod codeBase="C:/Users/Антошка/Documents/Visual Studio 2010/Projects/libiamisc/trunk/MDATest/bin/Debug/MDATest.DLL" adapterTypeName="Microsoft.VisualStudio.TestTools.TestTypes.Unit.UnitTestAdapter, Microsoft.VisualStudio.QualityTools.Tips.UnitTest.Adapter, Version=10.0.0.0, Culture=neutral, PublicKeyToken=b03f5f7f11d50a3a" className="TestMDA.Test, MDATest, Version=1.0.0.0, Culture=neutral, PublicKeyToken=null" name="Test2" />
    </UnitTest>
    <UnitTest name="Test1" storage="c:\users\антошка\documents\visual studio 2010\projects\libiamisc\trunk\mdatest\bin\debug\mdatest.dll" id="38be1589-5c39-600c-9d31-c6106087e460">
      <Execution id="a8d59293-9280-4fca-b8d0-52eddea6e794" />
      <TestMethod codeBase="C:/Users/Антошка/Documents/Visual Studio 2010/Projects/libiamisc/trunk/MDATest/bin/Debug/MDATest.DLL" adapterTypeName="Microsoft.VisualStudio.TestTools.TestTypes.Unit.UnitTestAdapter, Microsoft.VisualStudio.QualityTools.Tips.UnitTest.Adapter, Version=10.0.0.0, Culture=neutral, PublicKeyToken=b03f5f7f11d50a3a" className="TestMDA.Test, MDATest, Version=1.0.0.0, Culture=neutral, PublicKeyToken=null" name="Test1" />
    </UnitTest>
  </TestDefinitions>
  <TestLists>
    <TestList name="Отсутствующие в списке результаты" id="8c84fa94-04c1-424b-9868-57a2d4851a1d" />
    <TestList name="Все загруженные результаты" id="19431567-8539-422a-85d7-44ee4e166bda" />
  </TestLists>
  <TestEntries>
    <TestEntry testId="14d94656-d132-3c5d-2b32-ea017b71346a" executionId="5b78214b-168d-4092-8b0d-e0ba1636db05" testListId="8c84fa94-04c1-424b-9868-57a2d4851a1d" />
    <TestEntry testId="38be1589-5c39-600c-9d31-c6106087e460" executionId="a8d59293-9280-4fca-b8d0-52eddea6e794" testListId="8c84fa94-04c1-424b-9868-57a2d4851a1d" />
    <TestEntry testId="3b9482db-3132-8634-61b9-2d3b895a88d0" executionId="d109fca9-279e-4da9-9cfb-22aa4b9b0fe9" testListId="8c84fa94-04c1-424b-9868-57a2d4851a1d" />
  </TestEntries>
  <Results>
    <UnitTestResult executionId="5b78214b-168d-4092-8b0d-e0ba1636db05" testId="14d94656-d132-3c5d-2b32-ea017b71346a" testName="TestXMLReader1" computerName="АНТОШКА-ПК" duration="00:00:00.0706004" startTime="2011-03-29T21:24:49.9299270+07:00" endTime="2011-03-29T21:24:50.8939821+07:00" testType="13cdc9d9-ddb5-4fa4-a97d-d965ccfc6d4b" outcome="Passed" testListId="8c84fa94-04c1-424b-9868-57a2d4851a1d" relativeResultsDirectory="5b78214b-168d-4092-8b0d-e0ba1636db05">
      <Output>
        <StdOut>MDA: Файл 'D:\Учеба\НИРС\midi example\MDAexample7Liga.xm' не найден.</StdOut>
      </Output>
    </UnitTestResult>
    <UnitTestResult executionId="a8d59293-9280-4fca-b8d0-52eddea6e794" testId="38be1589-5c39-600c-9d31-c6106087e460" testName="Test1" computerName="АНТОШКА-ПК" duration="00:00:00.0158171" startTime="2011-03-29T21:24:50.9049827+07:00" endTime="2011-03-29T21:24:50.9289841+07:00" testType="13cdc9d9-ddb5-4fa4-a97d-d965ccfc6d4b" outcome="Passed" testListId="8c84fa94-04c1-424b-9868-57a2d4851a1d" relativeResultsDirectory="a8d59293-9280-4fca-b8d0-52eddea6e794">
    </UnitTestResult>
    <UnitTestResult executionId="d109fca9-279e-4da9-9cfb-22aa4b9b0fe9" testId="3b9482db-3132-8634-61b9-2d3b895a88d0" testName="Test2" computerName="АНТОШКА-ПК" duration="00:00:00.0010886" startTime="2011-03-29T21:24:50.9369846+07:00" endTime="2011-03-29T21:24:50.9469851+07:00" testType="13cdc9d9-ddb5-4fa4-a97d-d965ccfc6d4b" outcome="Passed" testListId="8c84fa94-04c1-424b-9868-57a2d4851a1d" relativeResultsDirectory="d109fca9-279e-4da9-9cfb-22aa4b9b0fe9">
    </UnitTestResult>
  </Results>
</TestRun>