<?xml version="1.0" encoding="UTF-8"?>
<TestRun id="7f1f1765-013b-4498-bd05-3f5406d92844" name="Антошка@АНТОШКА-ПК 2011-03-29 21:25:03" runUser="Антошка-ПК\Антошка" xmlns="http://microsoft.com/schemas/VisualStudio/TeamTest/2010">
  <TestSettings name="Параметры тестирования по умолчанию" id="22d7cf5d-aa7c-4b85-9ab3-e776403dc27a">
    <Deployment runDeploymentRoot="Антошка_АНТОШКА-ПК 2011-03-29 21_25_03">
      <DeploymentItem filename="C:\Users\Антошка\Documents\Visual Studio 2010\Projects\libiamisc\trunk\MDA\bin\Debug\MDA.exe" />
    </Deployment>
    <Execution>
      <TestTypeSpecific />
      <AgentRule name="Execution Agents">
      </AgentRule>
    </Execution>
  </TestSettings>
  <Times creation="2011-03-29T21:25:03.5867081+07:00" queuing="2011-03-29T21:25:04.6367681+07:00" start="2011-03-29T21:25:04.7497746+07:00" finish="2011-03-29T21:25:05.9548435+07:00" />
  <ResultSummary outcome="Completed">
    <Counters total="3" executed="3" passed="3" error="0" failed="0" timeout="0" aborted="0" inconclusive="0" passedButRunAborted="0" notRunnable="0" notExecuted="0" disconnected="0" warning="0" completed="0" inProgress="0" pending="0" />
  </ResultSummary>
  <TestDefinitions>
    <UnitTest name="TestXMLReader1" storage="c:\users\антошка\documents\visual studio 2010\projects\libiamisc\trunk\mdatest\bin\debug\mdatest.dll" id="14d94656-d132-3c5d-2b32-ea017b71346a">
      <Execution id="42b87a04-74a1-4084-b31e-c0a2b424fefe" />
      <TestMethod codeBase="C:/Users/Антошка/Documents/Visual Studio 2010/Projects/libiamisc/trunk/MDATest/bin/Debug/MDATest.DLL" adapterTypeName="Microsoft.VisualStudio.TestTools.TestTypes.Unit.UnitTestAdapter, Microsoft.VisualStudio.QualityTools.Tips.UnitTest.Adapter, Version=10.0.0.0, Culture=neutral, PublicKeyToken=b03f5f7f11d50a3a" className="TestMDA.OIP.TestXmlReader, MDATest, Version=1.0.0.0, Culture=neutral, PublicKeyToken=null" name="TestXMLReader1" />
    </UnitTest>
    <UnitTest name="Test2" storage="c:\users\антошка\documents\visual studio 2010\projects\libiamisc\trunk\mdatest\bin\debug\mdatest.dll" id="3b9482db-3132-8634-61b9-2d3b895a88d0">
      <Execution id="87553148-4485-42c3-83df-189e183c9340" />
      <TestMethod codeBase="C:/Users/Антошка/Documents/Visual Studio 2010/Projects/libiamisc/trunk/MDATest/bin/Debug/MDATest.DLL" adapterTypeName="Microsoft.VisualStudio.TestTools.TestTypes.Unit.UnitTestAdapter, Microsoft.VisualStudio.QualityTools.Tips.UnitTest.Adapter, Version=10.0.0.0, Culture=neutral, PublicKeyToken=b03f5f7f11d50a3a" className="TestMDA.Test, MDATest, Version=1.0.0.0, Culture=neutral, PublicKeyToken=null" name="Test2" />
    </UnitTest>
    <UnitTest name="Test1" storage="c:\users\антошка\documents\visual studio 2010\projects\libiamisc\trunk\mdatest\bin\debug\mdatest.dll" id="38be1589-5c39-600c-9d31-c6106087e460">
      <Execution id="74fc23df-9993-4d81-94ff-5a2a1c06ca6b" />
      <TestMethod codeBase="C:/Users/Антошка/Documents/Visual Studio 2010/Projects/libiamisc/trunk/MDATest/bin/Debug/MDATest.DLL" adapterTypeName="Microsoft.VisualStudio.TestTools.TestTypes.Unit.UnitTestAdapter, Microsoft.VisualStudio.QualityTools.Tips.UnitTest.Adapter, Version=10.0.0.0, Culture=neutral, PublicKeyToken=b03f5f7f11d50a3a" className="TestMDA.Test, MDATest, Version=1.0.0.0, Culture=neutral, PublicKeyToken=null" name="Test1" />
    </UnitTest>
  </TestDefinitions>
  <TestLists>
    <TestList name="Отсутствующие в списке результаты" id="8c84fa94-04c1-424b-9868-57a2d4851a1d" />
    <TestList name="Все загруженные результаты" id="19431567-8539-422a-85d7-44ee4e166bda" />
  </TestLists>
  <TestEntries>
    <TestEntry testId="14d94656-d132-3c5d-2b32-ea017b71346a" executionId="42b87a04-74a1-4084-b31e-c0a2b424fefe" testListId="8c84fa94-04c1-424b-9868-57a2d4851a1d" />
    <TestEntry testId="38be1589-5c39-600c-9d31-c6106087e460" executionId="74fc23df-9993-4d81-94ff-5a2a1c06ca6b" testListId="8c84fa94-04c1-424b-9868-57a2d4851a1d" />
    <TestEntry testId="3b9482db-3132-8634-61b9-2d3b895a88d0" executionId="87553148-4485-42c3-83df-189e183c9340" testListId="8c84fa94-04c1-424b-9868-57a2d4851a1d" />
  </TestEntries>
  <Results>
    <UnitTestResult executionId="42b87a04-74a1-4084-b31e-c0a2b424fefe" testId="14d94656-d132-3c5d-2b32-ea017b71346a" testName="TestXMLReader1" computerName="АНТОШКА-ПК" duration="00:00:00.0685888" startTime="2011-03-29T21:25:04.8437800+07:00" endTime="2011-03-29T21:25:05.8078351+07:00" testType="13cdc9d9-ddb5-4fa4-a97d-d965ccfc6d4b" outcome="Passed" testListId="8c84fa94-04c1-424b-9868-57a2d4851a1d" relativeResultsDirectory="42b87a04-74a1-4084-b31e-c0a2b424fefe">
      <Output>
        <StdOut>MDA: Файл 'D:\Учеба\НИРС\midi example\MDAexample7Liga.xm' не найден.</StdOut>
      </Output>
    </UnitTestResult>
    <UnitTestResult executionId="74fc23df-9993-4d81-94ff-5a2a1c06ca6b" testId="38be1589-5c39-600c-9d31-c6106087e460" testName="Test1" computerName="АНТОШКА-ПК" duration="00:00:00.0179807" startTime="2011-03-29T21:25:05.8208359+07:00" endTime="2011-03-29T21:25:05.8528377+07:00" testType="13cdc9d9-ddb5-4fa4-a97d-d965ccfc6d4b" outcome="Passed" testListId="8c84fa94-04c1-424b-9868-57a2d4851a1d" relativeResultsDirectory="74fc23df-9993-4d81-94ff-5a2a1c06ca6b">
    </UnitTestResult>
    <UnitTestResult executionId="87553148-4485-42c3-83df-189e183c9340" testId="3b9482db-3132-8634-61b9-2d3b895a88d0" testName="Test2" computerName="АНТОШКА-ПК" duration="00:00:00.0009889" startTime="2011-03-29T21:25:05.8598381+07:00" endTime="2011-03-29T21:25:05.8698387+07:00" testType="13cdc9d9-ddb5-4fa4-a97d-d965ccfc6d4b" outcome="Passed" testListId="8c84fa94-04c1-424b-9868-57a2d4851a1d" relativeResultsDirectory="87553148-4485-42c3-83df-189e183c9340">
    </UnitTestResult>
  </Results>
</TestRun>