<?xml version="1.0" encoding="UTF-8"?>
<TestRun id="338dac30-c2bc-47c8-ab99-0dbe519c3389" name="Антошка@АНТОШКА-ПК 2011-03-29 21:22:11" runUser="Антошка-ПК\Антошка" xmlns="http://microsoft.com/schemas/VisualStudio/TeamTest/2010">
  <TestSettings name="Параметры тестирования по умолчанию" id="abeefe7c-6c5e-4698-a8bf-adc6eb3a3d2b">
    <Deployment runDeploymentRoot="Антошка_АНТОШКА-ПК 2011-03-29 21_22_11">
      <DeploymentItem filename="C:\Users\Антошка\Documents\Visual Studio 2010\Projects\libiamisc\trunk\MDA\bin\Debug\MDA.exe" />
    </Deployment>
    <Execution>
      <TestTypeSpecific />
      <AgentRule name="Execution Agents">
      </AgentRule>
    </Execution>
  </TestSettings>
  <Times creation="2011-03-29T21:22:11.7338787+07:00" queuing="2011-03-29T21:22:12.7579372+07:00" start="2011-03-29T21:22:12.8479424+07:00" finish="2011-03-29T21:22:14.0420107+07:00" />
  <ResultSummary outcome="Completed">
    <Counters total="3" executed="3" passed="3" error="0" failed="0" timeout="0" aborted="0" inconclusive="0" passedButRunAborted="0" notRunnable="0" notExecuted="0" disconnected="0" warning="0" completed="0" inProgress="0" pending="0" />
  </ResultSummary>
  <TestDefinitions>
    <UnitTest name="TestXMLReader1" storage="c:\users\антошка\documents\visual studio 2010\projects\libiamisc\trunk\mdatest\bin\debug\mdatest.dll" id="14d94656-d132-3c5d-2b32-ea017b71346a">
      <Execution id="7b3cdea3-5953-4585-8139-389004f9422e" />
      <TestMethod codeBase="C:/Users/Антошка/Documents/Visual Studio 2010/Projects/libiamisc/trunk/MDATest/bin/Debug/MDATest.DLL" adapterTypeName="Microsoft.VisualStudio.TestTools.TestTypes.Unit.UnitTestAdapter, Microsoft.VisualStudio.QualityTools.Tips.UnitTest.Adapter, Version=10.0.0.0, Culture=neutral, PublicKeyToken=b03f5f7f11d50a3a" className="TestMDA.OIP.TestXmlReader, MDATest, Version=1.0.0.0, Culture=neutral, PublicKeyToken=null" name="TestXMLReader1" />
    </UnitTest>
    <UnitTest name="Test2" storage="c:\users\антошка\documents\visual studio 2010\projects\libiamisc\trunk\mdatest\bin\debug\mdatest.dll" id="3b9482db-3132-8634-61b9-2d3b895a88d0">
      <Execution id="54cc929e-1a05-47db-a671-ddd6159c7cf5" />
      <TestMethod codeBase="C:/Users/Антошка/Documents/Visual Studio 2010/Projects/libiamisc/trunk/MDATest/bin/Debug/MDATest.DLL" adapterTypeName="Microsoft.VisualStudio.TestTools.TestTypes.Unit.UnitTestAdapter, Microsoft.VisualStudio.QualityTools.Tips.UnitTest.Adapter, Version=10.0.0.0, Culture=neutral, PublicKeyToken=b03f5f7f11d50a3a" className="TestMDA.Test, MDATest, Version=1.0.0.0, Culture=neutral, PublicKeyToken=null" name="Test2" />
    </UnitTest>
    <UnitTest name="Test1" storage="c:\users\антошка\documents\visual studio 2010\projects\libiamisc\trunk\mdatest\bin\debug\mdatest.dll" id="38be1589-5c39-600c-9d31-c6106087e460">
      <Execution id="6696548f-2b5c-4733-9079-441ec086a77a" />
      <TestMethod codeBase="C:/Users/Антошка/Documents/Visual Studio 2010/Projects/libiamisc/trunk/MDATest/bin/Debug/MDATest.DLL" adapterTypeName="Microsoft.VisualStudio.TestTools.TestTypes.Unit.UnitTestAdapter, Microsoft.VisualStudio.QualityTools.Tips.UnitTest.Adapter, Version=10.0.0.0, Culture=neutral, PublicKeyToken=b03f5f7f11d50a3a" className="TestMDA.Test, MDATest, Version=1.0.0.0, Culture=neutral, PublicKeyToken=null" name="Test1" />
    </UnitTest>
  </TestDefinitions>
  <TestLists>
    <TestList name="Отсутствующие в списке результаты" id="8c84fa94-04c1-424b-9868-57a2d4851a1d" />
    <TestList name="Все загруженные результаты" id="19431567-8539-422a-85d7-44ee4e166bda" />
  </TestLists>
  <TestEntries>
    <TestEntry testId="14d94656-d132-3c5d-2b32-ea017b71346a" executionId="7b3cdea3-5953-4585-8139-389004f9422e" testListId="8c84fa94-04c1-424b-9868-57a2d4851a1d" />
    <TestEntry testId="38be1589-5c39-600c-9d31-c6106087e460" executionId="6696548f-2b5c-4733-9079-441ec086a77a" testListId="8c84fa94-04c1-424b-9868-57a2d4851a1d" />
    <TestEntry testId="3b9482db-3132-8634-61b9-2d3b895a88d0" executionId="54cc929e-1a05-47db-a671-ddd6159c7cf5" testListId="8c84fa94-04c1-424b-9868-57a2d4851a1d" />
  </TestEntries>
  <Results>
    <UnitTestResult executionId="7b3cdea3-5953-4585-8139-389004f9422e" testId="14d94656-d132-3c5d-2b32-ea017b71346a" testName="TestXMLReader1" computerName="АНТОШКА-ПК" duration="00:00:00.0229547" startTime="2011-03-29T21:22:12.9689493+07:00" endTime="2011-03-29T21:22:13.8810015+07:00" testType="13cdc9d9-ddb5-4fa4-a97d-d965ccfc6d4b" outcome="Passed" testListId="8c84fa94-04c1-424b-9868-57a2d4851a1d" relativeResultsDirectory="7b3cdea3-5953-4585-8139-389004f9422e">
    </UnitTestResult>
    <UnitTestResult executionId="6696548f-2b5c-4733-9079-441ec086a77a" testId="38be1589-5c39-600c-9d31-c6106087e460" testName="Test1" computerName="АНТОШКА-ПК" duration="00:00:00.0229755" startTime="2011-03-29T21:22:13.8870018+07:00" endTime="2011-03-29T21:22:13.9210038+07:00" testType="13cdc9d9-ddb5-4fa4-a97d-d965ccfc6d4b" outcome="Passed" testListId="8c84fa94-04c1-424b-9868-57a2d4851a1d" relativeResultsDirectory="6696548f-2b5c-4733-9079-441ec086a77a">
    </UnitTestResult>
    <UnitTestResult executionId="54cc929e-1a05-47db-a671-ddd6159c7cf5" testId="3b9482db-3132-8634-61b9-2d3b895a88d0" testName="Test2" computerName="АНТОШКА-ПК" duration="00:00:00.0010155" startTime="2011-03-29T21:22:13.9270041+07:00" endTime="2011-03-29T21:22:13.9400048+07:00" testType="13cdc9d9-ddb5-4fa4-a97d-d965ccfc6d4b" outcome="Passed" testListId="8c84fa94-04c1-424b-9868-57a2d4851a1d" relativeResultsDirectory="54cc929e-1a05-47db-a671-ddd6159c7cf5">
    </UnitTestResult>
  </Results>
</TestRun>